<?xml version='1.0' encoding='utf-8'?>
<testsuite name="unittest" tests="13" failures="0" errors="0" time="0.054" timestamp="2025-12-11T09:32:38.664719"><testcase classname="test_clients.TestClientsDataset.test_antiguedad_vs_edad" name="test_antiguedad_vs_edad" time="0" /><testcase classname="test_clients.TestClientsDataset.test_cedula_format" name="test_cedula_format" time="0" /><testcase classname="test_clients.TestClientsDataset.test_city_distribution" name="test_city_distribution" time="0" /><testcase classname="test_clients.TestClientsDataset.test_count_1000" name="test_count_1000" time="0" /><testcase classname="test_clients.TestClientsDataset.test_debt_consistency" name="test_debt_consistency" time="0" /><testcase classname="test_clients.TestClientsDataset.test_fecha_nacimiento_range" name="test_fecha_nacimiento_range" time="0" /><testcase classname="test_clients.TestClientsDataset.test_historial_distribution" name="test_historial_distribution" time="0" /><testcase classname="test_clients.TestClientsDataset.test_id_format" name="test_id_format" time="0" /><testcase classname="test_clients.TestClientsDataset.test_ingreso_and_saldo_ranges" name="test_ingreso_and_saldo_ranges" time="0" /><testcase classname="test_clients.TestClientsDataset.test_score_ranges_per_historial" name="test_score_ranges_per_historial" time="0" /><testcase classname="test_clients.TestClientsDataset.test_telefono_format" name="test_telefono_format" time="0" /><testcase classname="test_clients.TestClientsDataset.test_tipo_empleo_distribution" name="test_tipo_empleo_distribution" time="0" /><testcase classname="test_clients.TestClientsDataset.test_unique_cedula_and_email" name="test_unique_cedula_and_email" time="0" /></testsuite>